# JRE version: OpenJDK Runtime Environment Temurin-17.0.13+11 (17.0.13+11) (build 17.0.13+11)
# Java VM: OpenJDK 64-Bit Server VM Temurin-17.0.13+11 (17.0.13+11, mixed mode, tiered, compressed oops, compressed class ptrs, parallel gc, windows-amd64)
GC Precious Log:
 CPUs: 12 total, 12 available
 Memory: 7922M
 Large Page Support: Disabled
 NUMA Support: Disabled
 Compressed Oops: Enabled (32-bit)
 Alignments: Space 512K, Generation 512K, Heap 2M
 Heap Min Capacity: 100M
 Heap Initial Capacity: 100M
 Heap Max Capacity: 1G
 Pre-touch: Disabled
 Parallel Workers: 10
Heap:
 PSYoungGen      total 13824K, used 10098K [0x00000000eab00000, 0x00000000eba80000, 0x0000000100000000)
  eden space 11776K, 71% used [0x00000000eab00000,0x00000000eb341d58,0x00000000eb680000)
  from space 2048K, 90% used [0x00000000eb700000,0x00000000eb8cf430,0x00000000eb900000)
  to   space 1536K, 0% used [0x00000000eb900000,0x00000000eb900000,0x00000000eba80000)
 ParOldGen       total 121344K, used 100129K [0x00000000c0000000, 0x00000000c7680000, 0x00000000eab00000)
  object space 121344K, 82% used [0x00000000c0000000,0x00000000c61c87e8,0x00000000c7680000)
 Metaspace       used 63446K, committed 64576K, reserved 1114112K
  class space    used 6644K, committed 7168K, reserved 1048576K
GC Heap History (20 events):
Event: 13.112 GC heap before
{Heap before GC invocations=53 (full 4):
 PSYoungGen      total 15872K, used 15588K [0x00000000eab00000, 0x00000000ebf80000, 0x0000000100000000)
  eden space 13312K, 100% used [0x00000000eab00000,0x00000000eb800000,0x00000000eb800000)
  from space 2560K, 88% used [0x00000000ebd00000,0x00000000ebf39318,0x00000000ebf80000)
  to   space 3584K, 0% used [0x00000000eb880000,0x00000000eb880000,0x00000000ebc00000)
 ParOldGen       total 95744K, used 83655K [0x00000000c0000000, 0x00000000c5d80000, 0x00000000eab00000)
  object space 95744K, 87% used [0x00000000c0000000,0x00000000c51b1e08,0x00000000c5d80000)
 Metaspace       used 62639K, committed 63808K, reserved 1114112K
  class space    used 6594K, committed 7104K, reserved 1048576K
}
Event: 13.117 GC heap after
{Heap after GC invocations=53 (full 4):
 PSYoungGen      total 15360K, used 1632K [0x00000000eab00000, 0x00000000ebd80000, 0x0000000100000000)
  eden space 13312K, 0% used [0x00000000eab00000,0x00000000eab00000,0x00000000eb800000)
  from space 2048K, 79% used [0x00000000eb880000,0x00000000eba18388,0x00000000eba80000)
  to   space 2048K, 0% used [0x00000000ebb80000,0x00000000ebb80000,0x00000000ebd80000)
 ParOldGen       total 95744K, used 85757K [0x00000000c0000000, 0x00000000c5d80000, 0x00000000eab00000)
  object space 95744K, 89% used [0x00000000c0000000,0x00000000c53bf4f0,0x00000000c5d80000)
 Metaspace       used 62639K, committed 63808K, reserved 1114112K
  class space    used 6594K, committed 7104K, reserved 1048576K
}
Event: 13.175 GC heap before
{Heap before GC invocations=54 (full 4):
 PSYoungGen      total 15360K, used 14944K [0x00000000eab00000, 0x00000000ebd80000, 0x0000000100000000)
  eden space 13312K, 100% used [0x00000000eab00000,0x00000000eb800000,0x00000000eb800000)
  from space 2048K, 79% used [0x00000000eb880000,0x00000000eba18388,0x00000000eba80000)
  to   space 2048K, 0% used [0x00000000ebb80000,0x00000000ebb80000,0x00000000ebd80000)
 ParOldGen       total 95744K, used 85757K [0x00000000c0000000, 0x00000000c5d80000, 0x00000000eab00000)
  object space 95744K, 89% used [0x00000000c0000000,0x00000000c53bf4f0,0x00000000c5d80000)
 Metaspace       used 62653K, committed 63808K, reserved 1114112K
  class space    used 6594K, committed 7104K, reserved 1048576K
}
Event: 13.183 GC heap after
{Heap after GC invocations=54 (full 4):
 PSYoungGen      total 15360K, used 1696K [0x00000000eab00000, 0x00000000ebd80000, 0x0000000100000000)
  eden space 13312K, 0% used [0x00000000eab00000,0x00000000eab00000,0x00000000eb800000)
  from space 2048K, 82% used [0x00000000ebb80000,0x00000000ebd28040,0x00000000ebd80000)
  to   space 2048K, 0% used [0x00000000eb880000,0x00000000eb880000,0x00000000eba80000)
 ParOldGen       total 95744K, used 87242K [0x00000000c0000000, 0x00000000c5d80000, 0x00000000eab00000)
  object space 95744K, 91% used [0x00000000c0000000,0x00000000c5532a58,0x00000000c5d80000)
 Metaspace       used 62653K, committed 63808K, reserved 1114112K
  class space    used 6594K, committed 7104K, reserved 1048576K
}
Event: 13.259 GC heap before
{Heap before GC invocations=55 (full 4):
 PSYoungGen      total 15360K, used 15008K [0x00000000eab00000, 0x00000000ebd80000, 0x0000000100000000)
  eden space 13312K, 100% used [0x00000000eab00000,0x00000000eb800000,0x00000000eb800000)
  from space 2048K, 82% used [0x00000000ebb80000,0x00000000ebd28040,0x00000000ebd80000)
  to   space 2048K, 0% used [0x00000000eb880000,0x00000000eb880000,0x00000000eba80000)
 ParOldGen       total 95744K, used 87242K [0x00000000c0000000, 0x00000000c5d80000, 0x00000000eab00000)
  object space 95744K, 91% used [0x00000000c0000000,0x00000000c5532a58,0x00000000c5d80000)
 Metaspace       used 62684K, committed 63808K, reserved 1114112K
  class space    used 6594K, committed 7104K, reserved 1048576K
}
Event: 13.280 GC heap after
{Heap after GC invocations=55 (full 4):
 PSYoungGen      total 15360K, used 1704K [0x00000000eab00000, 0x00000000ebc00000, 0x0000000100000000)
  eden space 13312K, 0% used [0x00000000eab00000,0x00000000eab00000,0x00000000eb800000)
  from space 2048K, 83% used [0x00000000eb880000,0x00000000eba2a048,0x00000000eba80000)
  to   space 1536K, 0% used [0x00000000eba80000,0x00000000eba80000,0x00000000ebc00000)
 ParOldGen       total 95744K, used 88823K [0x00000000c0000000, 0x00000000c5d80000, 0x00000000eab00000)
  object space 95744K, 92% used [0x00000000c0000000,0x00000000c56bde20,0x00000000c5d80000)
 Metaspace       used 62684K, committed 63808K, reserved 1114112K
  class space    used 6594K, committed 7104K, reserved 1048576K
}
Event: 13.464 GC heap before
{Heap before GC invocations=56 (full 4):
 PSYoungGen      total 15360K, used 15016K [0x00000000eab00000, 0x00000000ebc00000, 0x0000000100000000)
  eden space 13312K, 100% used [0x00000000eab00000,0x00000000eb800000,0x00000000eb800000)
  from space 2048K, 83% used [0x00000000eb880000,0x00000000eba2a048,0x00000000eba80000)
  to   space 1536K, 0% used [0x00000000eba80000,0x00000000eba80000,0x00000000ebc00000)
 ParOldGen       total 95744K, used 88823K [0x00000000c0000000, 0x00000000c5d80000, 0x00000000eab00000)
  object space 95744K, 92% used [0x00000000c0000000,0x00000000c56bde20,0x00000000c5d80000)
 Metaspace       used 62901K, committed 64064K, reserved 1114112K
  class space    used 6618K, committed 7168K, reserved 1048576K
}
Event: 13.469 GC heap after
{Heap after GC invocations=56 (full 4):
 PSYoungGen      total 13312K, used 1527K [0x00000000eab00000, 0x00000000ec000000, 0x0000000100000000)
  eden space 11776K, 0% used [0x00000000eab00000,0x00000000eab00000,0x00000000eb680000)
  from space 1536K, 99% used [0x00000000eba80000,0x00000000ebbfdfb0,0x00000000ebc00000)
  to   space 4096K, 0% used [0x00000000eb680000,0x00000000eb680000,0x00000000eba80000)
 ParOldGen       total 95744K, used 90868K [0x00000000c0000000, 0x00000000c5d80000, 0x00000000eab00000)
  object space 95744K, 94% used [0x00000000c0000000,0x00000000c58bd170,0x00000000c5d80000)
 Metaspace       used 62901K, committed 64064K, reserved 1114112K
  class space    used 6618K, committed 7168K, reserved 1048576K
}
Event: 13.695 GC heap before
{Heap before GC invocations=57 (full 4):
 PSYoungGen      total 13312K, used 13303K [0x00000000eab00000, 0x00000000ec000000, 0x0000000100000000)
  eden space 11776K, 99% used [0x00000000eab00000,0x00000000eb67fff0,0x00000000eb680000)
  from space 1536K, 99% used [0x00000000eba80000,0x00000000ebbfdfb0,0x00000000ebc00000)
  to   space 4096K, 0% used [0x00000000eb680000,0x00000000eb680000,0x00000000eba80000)
 ParOldGen       total 95744K, used 90868K [0x00000000c0000000, 0x00000000c5d80000, 0x00000000eab00000)
  object space 95744K, 94% used [0x00000000c0000000,0x00000000c58bd170,0x00000000c5d80000)
 Metaspace       used 63117K, committed 64256K, reserved 1114112K
  class space    used 6626K, committed 7168K, reserved 1048576K
}
Event: 13.702 GC heap after
{Heap after GC invocations=57 (full 4):
 PSYoungGen      total 13824K, used 1931K [0x00000000eab00000, 0x00000000ebb80000, 0x0000000100000000)
  eden space 11776K, 0% used [0x00000000eab00000,0x00000000eab00000,0x00000000eb680000)
  from space 2048K, 94% used [0x00000000eb680000,0x00000000eb862c58,0x00000000eb880000)
  to   space 2560K, 0% used [0x00000000eb900000,0x00000000eb900000,0x00000000ebb80000)
 ParOldGen       total 95744K, used 92409K [0x00000000c0000000, 0x00000000c5d80000, 0x00000000eab00000)
  object space 95744K, 96% used [0x00000000c0000000,0x00000000c5a3e420,0x00000000c5d80000)
 Metaspace       used 63117K, committed 64256K, reserved 1114112K
  class space    used 6626K, committed 7168K, reserved 1048576K
}
Event: 13.898 GC heap before
{Heap before GC invocations=58 (full 4):
 PSYoungGen      total 13824K, used 13707K [0x00000000eab00000, 0x00000000ebb80000, 0x0000000100000000)
  eden space 11776K, 100% used [0x00000000eab00000,0x00000000eb680000,0x00000000eb680000)
  from space 2048K, 94% used [0x00000000eb680000,0x00000000eb862c58,0x00000000eb880000)
  to   space 2560K, 0% used [0x00000000eb900000,0x00000000eb900000,0x00000000ebb80000)
 ParOldGen       total 95744K, used 92409K [0x00000000c0000000, 0x00000000c5d80000, 0x00000000eab00000)
  object space 95744K, 96% used [0x00000000c0000000,0x00000000c5a3e420,0x00000000c5d80000)
 Metaspace       used 63286K, committed 64448K, reserved 1114112K
  class space    used 6638K, committed 7168K, reserved 1048576K
}
Event: 13.924 GC heap after
{Heap after GC invocations=58 (full 4):
 PSYoungGen      total 14336K, used 2368K [0x00000000eab00000, 0x00000000ebb80000, 0x0000000100000000)
  eden space 11776K, 0% used [0x00000000eab00000,0x00000000eab00000,0x00000000eb680000)
  from space 2560K, 92% used [0x00000000eb900000,0x00000000ebb50000,0x00000000ebb80000)
  to   space 2560K, 0% used [0x00000000eb680000,0x00000000eb680000,0x00000000eb900000)
 ParOldGen       total 95744K, used 94197K [0x00000000c0000000, 0x00000000c5d80000, 0x00000000eab00000)
  object space 95744K, 98% used [0x00000000c0000000,0x00000000c5bfd480,0x00000000c5d80000)
 Metaspace       used 63286K, committed 64448K, reserved 1114112K
  class space    used 6638K, committed 7168K, reserved 1048576K
}
Event: 14.080 GC heap before
{Heap before GC invocations=59 (full 5):
 PSYoungGen      total 14336K, used 14144K [0x00000000eab00000, 0x00000000ebb80000, 0x0000000100000000)
  eden space 11776K, 100% used [0x00000000eab00000,0x00000000eb680000,0x00000000eb680000)
  from space 2560K, 92% used [0x00000000eb900000,0x00000000ebb50000,0x00000000ebb80000)
  to   space 2560K, 0% used [0x00000000eb680000,0x00000000eb680000,0x00000000eb900000)
 ParOldGen       total 95744K, used 94197K [0x00000000c0000000, 0x00000000c5d80000, 0x00000000eab00000)
  object space 95744K, 98% used [0x00000000c0000000,0x00000000c5bfd480,0x00000000c5d80000)
 Metaspace       used 63424K, committed 64576K, reserved 1114112K
  class space    used 6641K, committed 7168K, reserved 1048576K
}
Event: 14.200 GC heap after
{Heap after GC invocations=59 (full 5):
 PSYoungGen      total 14336K, used 0K [0x00000000eab00000, 0x00000000ebb80000, 0x0000000100000000)
  eden space 11776K, 0% used [0x00000000eab00000,0x00000000eab00000,0x00000000eb680000)
  from space 2560K, 0% used [0x00000000eb680000,0x00000000eb680000,0x00000000eb900000)
  to   space 2560K, 0% used [0x00000000eb900000,0x00000000eb900000,0x00000000ebb80000)
 ParOldGen       total 121344K, used 94578K [0x00000000c0000000, 0x00000000c7680000, 0x00000000eab00000)
  object space 121344K, 77% used [0x00000000c0000000,0x00000000c5c5cba0,0x00000000c7680000)
 Metaspace       used 63424K, committed 64576K, reserved 1114112K
  class space    used 6641K, committed 7168K, reserved 1048576K
}
Event: 14.313 GC heap before
{Heap before GC invocations=60 (full 5):
 PSYoungGen      total 14336K, used 11776K [0x00000000eab00000, 0x00000000ebb80000, 0x0000000100000000)
  eden space 11776K, 100% used [0x00000000eab00000,0x00000000eb680000,0x00000000eb680000)
  from space 2560K, 0% used [0x00000000eb680000,0x00000000eb680000,0x00000000eb900000)
  to   space 2560K, 0% used [0x00000000eb900000,0x00000000eb900000,0x00000000ebb80000)
 ParOldGen       total 121344K, used 94578K [0x00000000c0000000, 0x00000000c7680000, 0x00000000eab00000)
  object space 121344K, 77% used [0x00000000c0000000,0x00000000c5c5cba0,0x00000000c7680000)
 Metaspace       used 63425K, committed 64576K, reserved 1114112K
  class space    used 6641K, committed 7168K, reserved 1048576K
}
Event: 14.315 GC heap after
{Heap after GC invocations=60 (full 5):
 PSYoungGen      total 14336K, used 2072K [0x00000000eab00000, 0x00000000ebb80000, 0x0000000100000000)
  eden space 11776K, 0% used [0x00000000eab00000,0x00000000eab00000,0x00000000eb680000)
  from space 2560K, 80% used [0x00000000eb900000,0x00000000ebb06140,0x00000000ebb80000)
  to   space 2560K, 0% used [0x00000000eb680000,0x00000000eb680000,0x00000000eb900000)
 ParOldGen       total 121344K, used 94578K [0x00000000c0000000, 0x00000000c7680000, 0x00000000eab00000)
  object space 121344K, 77% used [0x00000000c0000000,0x00000000c5c5cba0,0x00000000c7680000)
 Metaspace       used 63425K, committed 64576K, reserved 1114112K
  class space    used 6641K, committed 7168K, reserved 1048576K
}
Event: 14.483 GC heap before
{Heap before GC invocations=61 (full 5):
 PSYoungGen      total 14336K, used 13848K [0x00000000eab00000, 0x00000000ebb80000, 0x0000000100000000)
  eden space 11776K, 100% used [0x00000000eab00000,0x00000000eb680000,0x00000000eb680000)
  from space 2560K, 80% used [0x00000000eb900000,0x00000000ebb06140,0x00000000ebb80000)
  to   space 2560K, 0% used [0x00000000eb680000,0x00000000eb680000,0x00000000eb900000)
 ParOldGen       total 121344K, used 94578K [0x00000000c0000000, 0x00000000c7680000, 0x00000000eab00000)
  object space 121344K, 77% used [0x00000000c0000000,0x00000000c5c5cba0,0x00000000c7680000)
 Metaspace       used 63425K, committed 64576K, reserved 1114112K
  class space    used 6641K, committed 7168K, reserved 1048576K
}
Event: 14.489 GC heap after
{Heap after GC invocations=61 (full 5):
 PSYoungGen      total 14336K, used 2027K [0x00000000eab00000, 0x00000000ebb80000, 0x0000000100000000)
  eden space 11776K, 0% used [0x00000000eab00000,0x00000000eab00000,0x00000000eb680000)
  from space 2560K, 79% used [0x00000000eb680000,0x00000000eb87acf8,0x00000000eb900000)
  to   space 2560K, 0% used [0x00000000eb900000,0x00000000eb900000,0x00000000ebb80000)
 ParOldGen       total 121344K, used 96427K [0x00000000c0000000, 0x00000000c7680000, 0x00000000eab00000)
  object space 121344K, 79% used [0x00000000c0000000,0x00000000c5e2ac80,0x00000000c7680000)
 Metaspace       used 63425K, committed 64576K, reserved 1114112K
  class space    used 6641K, committed 7168K, reserved 1048576K
}
Event: 14.567 GC heap before
{Heap before GC invocations=62 (full 5):
 PSYoungGen      total 14336K, used 13803K [0x00000000eab00000, 0x00000000ebb80000, 0x0000000100000000)
  eden space 11776K, 100% used [0x00000000eab00000,0x00000000eb680000,0x00000000eb680000)
  from space 2560K, 79% used [0x00000000eb680000,0x00000000eb87acf8,0x00000000eb900000)
  to   space 2560K, 0% used [0x00000000eb900000,0x00000000eb900000,0x00000000ebb80000)
 ParOldGen       total 121344K, used 96427K [0x00000000c0000000, 0x00000000c7680000, 0x00000000eab00000)
  object space 121344K, 79% used [0x00000000c0000000,0x00000000c5e2ac80,0x00000000c7680000)
 Metaspace       used 63429K, committed 64576K, reserved 1114112K
  class space    used 6641K, committed 7168K, reserved 1048576K
}
Event: 14.571 GC heap after
{Heap after GC invocations=62 (full 5):
 PSYoungGen      total 13824K, used 2032K [0x00000000eab00000, 0x00000000ebb00000, 0x0000000100000000)
  eden space 11776K, 0% used [0x00000000eab00000,0x00000000eab00000,0x00000000eb680000)
  from space 2048K, 99% used [0x00000000eb900000,0x00000000ebafc370,0x00000000ebb00000)
  to   space 2048K, 0% used [0x00000000eb700000,0x00000000eb700000,0x00000000eb900000)
 ParOldGen       total 121344K, used 98285K [0x00000000c0000000, 0x00000000c7680000, 0x00000000eab00000)
  object space 121344K, 80% used [0x00000000c0000000,0x00000000c5ffb680,0x00000000c7680000)
 Metaspace       used 63429K, committed 64576K, reserved 1114112K
  class space    used 6641K, committed 7168K, reserved 1048576K
}

